<?xml version="1.0" encoding="UTF-8"?>
<testng-results skipped="0" failed="0" ignored="0" total="1" passed="1">
  <reporter-output>
  </reporter-output>
  <suite name="Default suite" duration-ms="49312" started-at="2020-10-12T13:26:40 IST" finished-at="2020-10-12T13:27:29 IST">
    <groups>
    </groups>
    <test name="Default test" duration-ms="49312" started-at="2020-10-12T13:26:40 IST" finished-at="2020-10-12T13:27:29 IST">
      <class name="com.testCase.PedigreeTest">
        <test-method status="PASS" signature="f()[pri:0, instance:com.testCase.PedigreeTest@57855c9a]" name="f" duration-ms="49260" started-at="2020-10-12T13:26:40 IST" finished-at="2020-10-12T13:27:29 IST">
          <reporter-output>
          </reporter-output>
        </test-method> <!-- f -->
      </class> <!-- com.testCase.PedigreeTest -->
    </test> <!-- Default test -->
  </suite> <!-- Default suite -->
</testng-results>
